<?xml version="1.0" encoding="UTF-8"?>
<testng-results ignored="0" total="1" passed="1" failed="0" skipped="0">
  <reporter-output>
  </reporter-output>
  <suite started-at="2023-10-24T12:42:11 IST" name="Default suite" finished-at="2023-10-24T12:42:26 IST" duration-ms="15326">
    <groups>
    </groups>
    <test started-at="2023-10-24T12:42:11 IST" name="Default test" finished-at="2023-10-24T12:42:26 IST" duration-ms="15326">
      <class name="com.qa.saucedemo.testPages.itemAddtoCartTestPage">
        <test-method is-config="true" signature="setup()[pri:0, instance:com.qa.saucedemo.testPages.itemAddtoCartTestPage@4efac082]" started-at="2023-10-24T12:42:11 IST" name="setup" finished-at="2023-10-24T12:42:15 IST" duration-ms="4755" status="PASS">
          <reporter-output>
          </reporter-output>
        </test-method> <!-- setup -->
        <test-method signature="verifyCart()[pri:0, instance:com.qa.saucedemo.testPages.itemAddtoCartTestPage@4efac082]" started-at="2023-10-24T12:42:15 IST" name="verifyCart" finished-at="2023-10-24T12:42:26 IST" duration-ms="10499" status="PASS">
          <reporter-output>
          </reporter-output>
        </test-method> <!-- verifyCart -->
      </class> <!-- com.qa.saucedemo.testPages.itemAddtoCartTestPage -->
    </test> <!-- Default test -->
  </suite> <!-- Default suite -->
</testng-results>
